<?xml version="1.0" encoding="UTF-8"?>
<!-- Generated by org.testng.reporters.JUnitReportReporter -->
<testsuite skipped="0" hostname="SoniyaMaheshs-MacBook-Air.local" name="testngsessions.Annotations" tests="2" failures="0" timestamp="25 Feb 2023 17:27:16 GMT" time="0.012" errors="0">
  <testcase name="Test1" time="0.008" classname="testngsessions.Annotations"/>
  <testcase name="Test2" time="0.004" classname="testngsessions.Annotations"/>
</testsuite> <!-- testngsessions.Annotations -->
