<?xml version="1.0" encoding="UTF-8"?>
<!-- Generated by org.testng.reporters.JUnitReportReporter -->
<testsuite skipped="0" hostname="SoniyaMaheshs-MacBook-Air.local" name="testngsessions.Google" tests="1" failures="0" timestamp="25 Feb 2023 17:27:16 GMT" time="0.004" errors="0">
  <testcase name="action" time="0.004" classname="testngsessions.Google"/>
</testsuite> <!-- testngsessions.Google -->
