<?xml version="1.0" encoding="UTF-8"?>
<!-- Generated by org.testng.reporters.JUnitReportReporter -->
<testsuite skipped="0" hostname="SoniyaMaheshs-MacBook-Air.local" name="testngsessions.ExpectedExceptions" tests="1" failures="0" timestamp="24 Feb 2023 13:35:17 GMT" time="0.017" errors="0">
  <testcase name="test1" time="0.017" classname="testngsessions.ExpectedExceptions"/>
</testsuite> <!-- testngsessions.ExpectedExceptions -->
